<?xml version="1.0" encoding="UTF-8"?>
<!-- Generated by org.testng.reporters.JUnitReportReporter -->
<testsuite hostname="LAPTOP-MQ4QQBGA" failures="0" tests="1" name="demoprojecttwo.LoginTest" time="3.812" errors="0" timestamp="2025-08-06T00:24:15 IST" skipped="0">
  <testcase classname="demoprojecttwo.LoginTest" name="loginWithNoCredentials" time="3.812"/>
</testsuite> <!-- demoprojecttwo.LoginTest -->
